Copyright 1986-2018 Xilinx, Inc. All Rights Reserved.
--------------------------------------------------------------------------------------------------------------------------------------------------------------------------------------------------------------------------
| Tool Version : Vivado v.2018.3 (win64) Build 2405991 Thu Dec  6 23:38:27 MST 2018
| Date         : Wed Oct 26 17:16:08 2022
| Host         : LAPTOP-39EN3K8L running 64-bit major release  (build 9200)
| Command      : report_timing_summary -max_paths 10 -file FourDigitLeDriver_timing_summary_routed.rpt -pb FourDigitLeDriver_timing_summary_routed.pb -rpx FourDigitLeDriver_timing_summary_routed.rpx -warn_on_violation
| Design       : FourDigitLeDriver
| Device       : 7a100t-csg324
| Speed File   : -1  PRODUCTION 1.23 2018-06-13
--------------------------------------------------------------------------------------------------------------------------------------------------------------------------------------------------------------------------

Timing Summary Report

------------------------------------------------------------------------------------------------
| Timer Settings
| --------------
------------------------------------------------------------------------------------------------

  Enable Multi Corner Analysis               :  Yes
  Enable Pessimism Removal                   :  Yes
  Pessimism Removal Resolution               :  Nearest Common Node
  Enable Input Delay Default Clock           :  No
  Enable Preset / Clear Arcs                 :  No
  Disable Flight Delays                      :  No
  Ignore I/O Paths                           :  No
  Timing Early Launch at Borrowing Latches   :  false

  Corner  Analyze    Analyze    
  Name    Max Paths  Min Paths  
  ------  ---------  ---------  
  Slow    Yes        Yes        
  Fast    Yes        Yes        



check_timing report

Table of Contents
-----------------
1. checking no_clock
2. checking constant_clock
3. checking pulse_width_clock
4. checking unconstrained_internal_endpoints
5. checking no_input_delay
6. checking no_output_delay
7. checking multiple_clock
8. checking generated_clocks
9. checking loops
10. checking partial_input_delay
11. checking partial_output_delay
12. checking latch_loops

1. checking no_clock
--------------------
 There are 0 register/latch pins with no clock.


2. checking constant_clock
--------------------------
 There are 0 register/latch pins with constant_clock.


3. checking pulse_width_clock
-----------------------------
 There are 0 register/latch pins which need pulse_width check


4. checking unconstrained_internal_endpoints
--------------------------------------------
 There are 0 pins that are not constrained for maximum delay.

 There are 0 pins that are not constrained for maximum delay due to constant clock.


5. checking no_input_delay
--------------------------
 There is 1 input port with no input delay specified. (HIGH)

 There are 0 input ports with no input delay but user has a false path constraint.


6. checking no_output_delay
---------------------------
 There are 8 ports with no output delay specified. (HIGH)

 There are 0 ports with no output delay but user has a false path constraint

 There are 0 ports with no output delay but with a timing clock defined on it or propagating through it


7. checking multiple_clock
--------------------------
 There are 0 register/latch pins with multiple clocks.


8. checking generated_clocks
----------------------------
 There are 0 generated clocks that are not connected to a clock source.


9. checking loops
-----------------
 There are 0 combinational loops in the design.


10. checking partial_input_delay
--------------------------------
 There are 0 input ports with partial input delay specified.


11. checking partial_output_delay
---------------------------------
 There are 0 ports with partial output delay specified.


12. checking latch_loops
------------------------
 There are 0 combinational latch loops in the design through latch input



------------------------------------------------------------------------------------------------
| Design Timing Summary
| ---------------------
------------------------------------------------------------------------------------------------

    WNS(ns)      TNS(ns)  TNS Failing Endpoints  TNS Total Endpoints      WHS(ns)      THS(ns)  THS Failing Endpoints  THS Total Endpoints     WPWS(ns)     TPWS(ns)  TPWS Failing Endpoints  TPWS Total Endpoints  
    -------      -------  ---------------------  -------------------      -------      -------  ---------------------  -------------------     --------     --------  ----------------------  --------------------  
    197.451        0.000                      0                    4        0.288        0.000                      0                    4        3.000        0.000                       0                     9  


All user specified timing constraints are met.


------------------------------------------------------------------------------------------------
| Clock Summary
| -------------
------------------------------------------------------------------------------------------------

Clock       Waveform(ns)         Period(ns)      Frequency(MHz)
-----       ------------         ----------      --------------
sys_clk     {0.000 5.000}        10.000          100.000         
  clkfbout  {0.000 25.000}       50.000          20.000          
  clkout    {0.000 100.000}      200.000         5.000           


------------------------------------------------------------------------------------------------
| Intra Clock Table
| -----------------
------------------------------------------------------------------------------------------------

Clock             WNS(ns)      TNS(ns)  TNS Failing Endpoints  TNS Total Endpoints      WHS(ns)      THS(ns)  THS Failing Endpoints  THS Total Endpoints     WPWS(ns)     TPWS(ns)  TPWS Failing Endpoints  TPWS Total Endpoints  
-----             -------      -------  ---------------------  -------------------      -------      -------  ---------------------  -------------------     --------     --------  ----------------------  --------------------  
sys_clk                                                                                                                                                         3.000        0.000                       0                     1  
  clkfbout                                                                                                                                                     48.751        0.000                       0                     2  
  clkout          197.451        0.000                      0                    4        0.288        0.000                      0                    4       13.360        0.000                       0                     6  


------------------------------------------------------------------------------------------------
| Inter Clock Table
| -----------------
------------------------------------------------------------------------------------------------

From Clock    To Clock          WNS(ns)      TNS(ns)  TNS Failing Endpoints  TNS Total Endpoints      WHS(ns)      THS(ns)  THS Failing Endpoints  THS Total Endpoints  
----------    --------          -------      -------  ---------------------  -------------------      -------      -------  ---------------------  -------------------  


------------------------------------------------------------------------------------------------
| Other Path Groups Table
| -----------------------
------------------------------------------------------------------------------------------------

Path Group    From Clock    To Clock          WNS(ns)      TNS(ns)  TNS Failing Endpoints  TNS Total Endpoints      WHS(ns)      THS(ns)  THS Failing Endpoints  THS Total Endpoints  
----------    ----------    --------          -------      -------  ---------------------  -------------------      -------      -------  ---------------------  -------------------  


------------------------------------------------------------------------------------------------
| Timing Details
| --------------
------------------------------------------------------------------------------------------------


---------------------------------------------------------------------------------------------------
From Clock:  sys_clk
  To Clock:  sys_clk

Setup :           NA  Failing Endpoints,  Worst Slack           NA  ,  Total Violation           NA
Hold  :           NA  Failing Endpoints,  Worst Slack           NA  ,  Total Violation           NA
PW    :            0  Failing Endpoints,  Worst Slack        3.000ns,  Total Violation        0.000ns
---------------------------------------------------------------------------------------------------


Pulse Width Checks
--------------------------------------------------------------------------------------
Clock Name:         sys_clk
Waveform(ns):       { 0.000 5.000 }
Period(ns):         10.000
Sources:            { clk }

Check Type        Corner  Lib Pin            Reference Pin  Required(ns)  Actual(ns)  Slack(ns)  Location         Pin
Min Period        n/a     MMCME2_ADV/CLKIN1  n/a            1.249         10.000      8.751      MMCME2_ADV_X1Y2  MMCME2_BASE_inst/CLKIN1
Max Period        n/a     MMCME2_ADV/CLKIN1  n/a            100.000       10.000      90.000     MMCME2_ADV_X1Y2  MMCME2_BASE_inst/CLKIN1
Low Pulse Width   Slow    MMCME2_ADV/CLKIN1  n/a            2.000         5.000       3.000      MMCME2_ADV_X1Y2  MMCME2_BASE_inst/CLKIN1
Low Pulse Width   Fast    MMCME2_ADV/CLKIN1  n/a            2.000         5.000       3.000      MMCME2_ADV_X1Y2  MMCME2_BASE_inst/CLKIN1
High Pulse Width  Fast    MMCME2_ADV/CLKIN1  n/a            2.000         5.000       3.000      MMCME2_ADV_X1Y2  MMCME2_BASE_inst/CLKIN1
High Pulse Width  Slow    MMCME2_ADV/CLKIN1  n/a            2.000         5.000       3.000      MMCME2_ADV_X1Y2  MMCME2_BASE_inst/CLKIN1



---------------------------------------------------------------------------------------------------
From Clock:  clkfbout
  To Clock:  clkfbout

Setup :           NA  Failing Endpoints,  Worst Slack           NA  ,  Total Violation           NA
Hold  :           NA  Failing Endpoints,  Worst Slack           NA  ,  Total Violation           NA
PW    :            0  Failing Endpoints,  Worst Slack       48.751ns,  Total Violation        0.000ns
---------------------------------------------------------------------------------------------------


Pulse Width Checks
--------------------------------------------------------------------------------------
Clock Name:         clkfbout
Waveform(ns):       { 0.000 25.000 }
Period(ns):         50.000
Sources:            { MMCME2_BASE_inst/CLKFBOUT }

Check Type  Corner  Lib Pin              Reference Pin  Required(ns)  Actual(ns)  Slack(ns)  Location         Pin
Min Period  n/a     MMCME2_ADV/CLKFBOUT  n/a            1.249         50.000      48.751     MMCME2_ADV_X1Y2  MMCME2_BASE_inst/CLKFBOUT
Min Period  n/a     MMCME2_ADV/CLKFBIN   n/a            1.249         50.000      48.751     MMCME2_ADV_X1Y2  MMCME2_BASE_inst/CLKFBIN
Max Period  n/a     MMCME2_ADV/CLKFBIN   n/a            100.000       50.000      50.000     MMCME2_ADV_X1Y2  MMCME2_BASE_inst/CLKFBIN
Max Period  n/a     MMCME2_ADV/CLKFBOUT  n/a            213.360       50.000      163.360    MMCME2_ADV_X1Y2  MMCME2_BASE_inst/CLKFBOUT



---------------------------------------------------------------------------------------------------
From Clock:  clkout
  To Clock:  clkout

Setup :            0  Failing Endpoints,  Worst Slack      197.451ns,  Total Violation        0.000ns
Hold  :            0  Failing Endpoints,  Worst Slack        0.288ns,  Total Violation        0.000ns
PW    :            0  Failing Endpoints,  Worst Slack       13.360ns,  Total Violation        0.000ns
---------------------------------------------------------------------------------------------------


Max Delay Paths
--------------------------------------------------------------------------------------
Slack (MET) :             197.451ns  (required time - arrival time)
  Source:                 count_reg[2]/C
                            (rising edge-triggered cell FDPE clocked by clkout  {rise@0.000ns fall@100.000ns period=200.000ns})
  Destination:            count_reg[3]/D
                            (rising edge-triggered cell FDPE clocked by clkout  {rise@0.000ns fall@100.000ns period=200.000ns})
  Path Group:             clkout
  Path Type:              Setup (Max at Slow Process Corner)
  Requirement:            200.000ns  (clkout rise@200.000ns - clkout rise@0.000ns)
  Data Path Delay:        2.307ns  (logic 0.608ns (26.354%)  route 1.699ns (73.646%))
  Logic Levels:           1  (LUT4=1)
  Clock Path Skew:        0.000ns (DCD - SCD + CPR)
    Destination Clock Delay (DCD):    6.146ns = ( 206.146 - 200.000 ) 
    Source Clock Delay      (SCD):    6.508ns
    Clock Pessimism Removal (CPR):    0.361ns
  Clock Uncertainty:      0.289ns  ((TSJ^2 + DJ^2)^1/2) / 2 + PE
    Total System Jitter     (TSJ):    0.071ns
    Discrete Jitter          (DJ):    0.574ns
    Phase Error              (PE):    0.000ns

    Location             Delay type                Incr(ns)  Path(ns)    Netlist Resource(s)
  -------------------------------------------------------------------    -------------------
                         (clock clkout rise edge)     0.000     0.000 r  
    E3                                                0.000     0.000 r  clk (IN)
                         net (fo=0)                   0.000     0.000    clk
    E3                   IBUF (Prop_ibuf_I_O)         1.482     1.482 r  clk_IBUF_inst/O
                         net (fo=1, routed)           1.233     2.715    clk_IBUF
    MMCME2_ADV_X1Y2      MMCME2_ADV (Prop_mmcme2_adv_CLKIN1_CLKOUT0)
                                                      0.088     2.803 r  MMCME2_BASE_inst/CLKOUT0
                         net (fo=1, routed)           1.719     4.522    clkout
    BUFGCTRL_X0Y16       BUFG (Prop_bufg_I_O)         0.096     4.618 r  clkout_BUFG_inst/O
                         net (fo=4, routed)           1.889     6.508    clkout_BUFG
    SLICE_X0Y162         FDPE                                         r  count_reg[2]/C
  -------------------------------------------------------------------    -------------------
    SLICE_X0Y162         FDPE (Prop_fdpe_C_Q)         0.456     6.964 r  count_reg[2]/Q
                         net (fo=7, routed)           1.699     8.663    count_OBUF[2]
    SLICE_X0Y162         LUT4 (Prop_lut4_I0_O)        0.152     8.815 r  count[3]_i_1/O
                         net (fo=1, routed)           0.000     8.815    count[3]_i_1_n_0
    SLICE_X0Y162         FDPE                                         r  count_reg[3]/D
  -------------------------------------------------------------------    -------------------

                         (clock clkout rise edge)   200.000   200.000 r  
    E3                                                0.000   200.000 r  clk (IN)
                         net (fo=0)                   0.000   200.000    clk
    E3                   IBUF (Prop_ibuf_I_O)         1.411   201.411 r  clk_IBUF_inst/O
                         net (fo=1, routed)           1.162   202.573    clk_IBUF
    MMCME2_ADV_X1Y2      MMCME2_ADV (Prop_mmcme2_adv_CLKIN1_CLKOUT0)
                                                      0.083   202.656 r  MMCME2_BASE_inst/CLKOUT0
                         net (fo=1, routed)           1.639   204.295    clkout
    BUFGCTRL_X0Y16       BUFG (Prop_bufg_I_O)         0.091   204.386 r  clkout_BUFG_inst/O
                         net (fo=4, routed)           1.760   206.146    clkout_BUFG
    SLICE_X0Y162         FDPE                                         r  count_reg[3]/C
                         clock pessimism              0.361   206.508    
                         clock uncertainty           -0.289   206.218    
    SLICE_X0Y162         FDPE (Setup_fdpe_C_D)        0.047   206.265    count_reg[3]
  -------------------------------------------------------------------
                         required time                        206.265    
                         arrival time                          -8.815    
  -------------------------------------------------------------------
                         slack                                197.451    

Slack (MET) :             197.855ns  (required time - arrival time)
  Source:                 count_reg[1]/C
                            (rising edge-triggered cell FDPE clocked by clkout  {rise@0.000ns fall@100.000ns period=200.000ns})
  Destination:            count_reg[2]/D
                            (rising edge-triggered cell FDPE clocked by clkout  {rise@0.000ns fall@100.000ns period=200.000ns})
  Path Group:             clkout
  Path Type:              Setup (Max at Slow Process Corner)
  Requirement:            200.000ns  (clkout rise@200.000ns - clkout rise@0.000ns)
  Data Path Delay:        1.789ns  (logic 0.716ns (40.025%)  route 1.073ns (59.975%))
  Logic Levels:           1  (LUT3=1)
  Clock Path Skew:        0.000ns (DCD - SCD + CPR)
    Destination Clock Delay (DCD):    6.146ns = ( 206.146 - 200.000 ) 
    Source Clock Delay      (SCD):    6.508ns
    Clock Pessimism Removal (CPR):    0.361ns
  Clock Uncertainty:      0.289ns  ((TSJ^2 + DJ^2)^1/2) / 2 + PE
    Total System Jitter     (TSJ):    0.071ns
    Discrete Jitter          (DJ):    0.574ns
    Phase Error              (PE):    0.000ns

    Location             Delay type                Incr(ns)  Path(ns)    Netlist Resource(s)
  -------------------------------------------------------------------    -------------------
                         (clock clkout rise edge)     0.000     0.000 r  
    E3                                                0.000     0.000 r  clk (IN)
                         net (fo=0)                   0.000     0.000    clk
    E3                   IBUF (Prop_ibuf_I_O)         1.482     1.482 r  clk_IBUF_inst/O
                         net (fo=1, routed)           1.233     2.715    clk_IBUF
    MMCME2_ADV_X1Y2      MMCME2_ADV (Prop_mmcme2_adv_CLKIN1_CLKOUT0)
                                                      0.088     2.803 r  MMCME2_BASE_inst/CLKOUT0
                         net (fo=1, routed)           1.719     4.522    clkout
    BUFGCTRL_X0Y16       BUFG (Prop_bufg_I_O)         0.096     4.618 r  clkout_BUFG_inst/O
                         net (fo=4, routed)           1.889     6.508    clkout_BUFG
    SLICE_X0Y162         FDPE                                         r  count_reg[1]/C
  -------------------------------------------------------------------    -------------------
    SLICE_X0Y162         FDPE (Prop_fdpe_C_Q)         0.419     6.927 r  count_reg[1]/Q
                         net (fo=8, routed)           0.735     7.662    count_OBUF[1]
    SLICE_X0Y162         LUT3 (Prop_lut3_I0_O)        0.297     7.959 r  count[2]_i_1/O
                         net (fo=1, routed)           0.338     8.297    count[2]_i_1_n_0
    SLICE_X0Y162         FDPE                                         r  count_reg[2]/D
  -------------------------------------------------------------------    -------------------

                         (clock clkout rise edge)   200.000   200.000 r  
    E3                                                0.000   200.000 r  clk (IN)
                         net (fo=0)                   0.000   200.000    clk
    E3                   IBUF (Prop_ibuf_I_O)         1.411   201.411 r  clk_IBUF_inst/O
                         net (fo=1, routed)           1.162   202.573    clk_IBUF
    MMCME2_ADV_X1Y2      MMCME2_ADV (Prop_mmcme2_adv_CLKIN1_CLKOUT0)
                                                      0.083   202.656 r  MMCME2_BASE_inst/CLKOUT0
                         net (fo=1, routed)           1.639   204.295    clkout
    BUFGCTRL_X0Y16       BUFG (Prop_bufg_I_O)         0.091   204.386 r  clkout_BUFG_inst/O
                         net (fo=4, routed)           1.760   206.146    clkout_BUFG
    SLICE_X0Y162         FDPE                                         r  count_reg[2]/C
                         clock pessimism              0.361   206.508    
                         clock uncertainty           -0.289   206.218    
    SLICE_X0Y162         FDPE (Setup_fdpe_C_D)       -0.067   206.151    count_reg[2]
  -------------------------------------------------------------------
                         required time                        206.151    
                         arrival time                          -8.297    
  -------------------------------------------------------------------
                         slack                                197.855    

Slack (MET) :             198.306ns  (required time - arrival time)
  Source:                 count_reg[1]/C
                            (rising edge-triggered cell FDPE clocked by clkout  {rise@0.000ns fall@100.000ns period=200.000ns})
  Destination:            count_reg[1]/D
                            (rising edge-triggered cell FDPE clocked by clkout  {rise@0.000ns fall@100.000ns period=200.000ns})
  Path Group:             clkout
  Path Type:              Setup (Max at Slow Process Corner)
  Requirement:            200.000ns  (clkout rise@200.000ns - clkout rise@0.000ns)
  Data Path Delay:        1.480ns  (logic 0.746ns (50.409%)  route 0.734ns (49.591%))
  Logic Levels:           1  (LUT2=1)
  Clock Path Skew:        0.000ns (DCD - SCD + CPR)
    Destination Clock Delay (DCD):    6.146ns = ( 206.146 - 200.000 ) 
    Source Clock Delay      (SCD):    6.508ns
    Clock Pessimism Removal (CPR):    0.361ns
  Clock Uncertainty:      0.289ns  ((TSJ^2 + DJ^2)^1/2) / 2 + PE
    Total System Jitter     (TSJ):    0.071ns
    Discrete Jitter          (DJ):    0.574ns
    Phase Error              (PE):    0.000ns

    Location             Delay type                Incr(ns)  Path(ns)    Netlist Resource(s)
  -------------------------------------------------------------------    -------------------
                         (clock clkout rise edge)     0.000     0.000 r  
    E3                                                0.000     0.000 r  clk (IN)
                         net (fo=0)                   0.000     0.000    clk
    E3                   IBUF (Prop_ibuf_I_O)         1.482     1.482 r  clk_IBUF_inst/O
                         net (fo=1, routed)           1.233     2.715    clk_IBUF
    MMCME2_ADV_X1Y2      MMCME2_ADV (Prop_mmcme2_adv_CLKIN1_CLKOUT0)
                                                      0.088     2.803 r  MMCME2_BASE_inst/CLKOUT0
                         net (fo=1, routed)           1.719     4.522    clkout
    BUFGCTRL_X0Y16       BUFG (Prop_bufg_I_O)         0.096     4.618 r  clkout_BUFG_inst/O
                         net (fo=4, routed)           1.889     6.508    clkout_BUFG
    SLICE_X0Y162         FDPE                                         r  count_reg[1]/C
  -------------------------------------------------------------------    -------------------
    SLICE_X0Y162         FDPE (Prop_fdpe_C_Q)         0.419     6.927 r  count_reg[1]/Q
                         net (fo=8, routed)           0.734     7.661    count_OBUF[1]
    SLICE_X0Y162         LUT2 (Prop_lut2_I1_O)        0.327     7.988 r  count[1]_i_1/O
                         net (fo=1, routed)           0.000     7.988    count[1]_i_1_n_0
    SLICE_X0Y162         FDPE                                         r  count_reg[1]/D
  -------------------------------------------------------------------    -------------------

                         (clock clkout rise edge)   200.000   200.000 r  
    E3                                                0.000   200.000 r  clk (IN)
                         net (fo=0)                   0.000   200.000    clk
    E3                   IBUF (Prop_ibuf_I_O)         1.411   201.411 r  clk_IBUF_inst/O
                         net (fo=1, routed)           1.162   202.573    clk_IBUF
    MMCME2_ADV_X1Y2      MMCME2_ADV (Prop_mmcme2_adv_CLKIN1_CLKOUT0)
                                                      0.083   202.656 r  MMCME2_BASE_inst/CLKOUT0
                         net (fo=1, routed)           1.639   204.295    clkout
    BUFGCTRL_X0Y16       BUFG (Prop_bufg_I_O)         0.091   204.386 r  clkout_BUFG_inst/O
                         net (fo=4, routed)           1.760   206.146    clkout_BUFG
    SLICE_X0Y162         FDPE                                         r  count_reg[1]/C
                         clock pessimism              0.361   206.508    
                         clock uncertainty           -0.289   206.218    
    SLICE_X0Y162         FDPE (Setup_fdpe_C_D)        0.075   206.293    count_reg[1]
  -------------------------------------------------------------------
                         required time                        206.293    
                         arrival time                          -7.988    
  -------------------------------------------------------------------
                         slack                                198.306    

Slack (MET) :             198.461ns  (required time - arrival time)
  Source:                 count_reg[0]/C
                            (rising edge-triggered cell FDPE clocked by clkout  {rise@0.000ns fall@100.000ns period=200.000ns})
  Destination:            count_reg[0]/D
                            (rising edge-triggered cell FDPE clocked by clkout  {rise@0.000ns fall@100.000ns period=200.000ns})
  Path Group:             clkout
  Path Type:              Setup (Max at Slow Process Corner)
  Requirement:            200.000ns  (clkout rise@200.000ns - clkout rise@0.000ns)
  Data Path Delay:        1.280ns  (logic 0.580ns (45.296%)  route 0.700ns (54.704%))
  Logic Levels:           1  (LUT1=1)
  Clock Path Skew:        0.000ns (DCD - SCD + CPR)
    Destination Clock Delay (DCD):    6.146ns = ( 206.146 - 200.000 ) 
    Source Clock Delay      (SCD):    6.508ns
    Clock Pessimism Removal (CPR):    0.361ns
  Clock Uncertainty:      0.289ns  ((TSJ^2 + DJ^2)^1/2) / 2 + PE
    Total System Jitter     (TSJ):    0.071ns
    Discrete Jitter          (DJ):    0.574ns
    Phase Error              (PE):    0.000ns

    Location             Delay type                Incr(ns)  Path(ns)    Netlist Resource(s)
  -------------------------------------------------------------------    -------------------
                         (clock clkout rise edge)     0.000     0.000 r  
    E3                                                0.000     0.000 r  clk (IN)
                         net (fo=0)                   0.000     0.000    clk
    E3                   IBUF (Prop_ibuf_I_O)         1.482     1.482 r  clk_IBUF_inst/O
                         net (fo=1, routed)           1.233     2.715    clk_IBUF
    MMCME2_ADV_X1Y2      MMCME2_ADV (Prop_mmcme2_adv_CLKIN1_CLKOUT0)
                                                      0.088     2.803 r  MMCME2_BASE_inst/CLKOUT0
                         net (fo=1, routed)           1.719     4.522    clkout
    BUFGCTRL_X0Y16       BUFG (Prop_bufg_I_O)         0.096     4.618 r  clkout_BUFG_inst/O
                         net (fo=4, routed)           1.889     6.508    clkout_BUFG
    SLICE_X0Y162         FDPE                                         r  count_reg[0]/C
  -------------------------------------------------------------------    -------------------
    SLICE_X0Y162         FDPE (Prop_fdpe_C_Q)         0.456     6.964 f  count_reg[0]/Q
                         net (fo=9, routed)           0.700     7.664    count_OBUF[0]
    SLICE_X0Y162         LUT1 (Prop_lut1_I0_O)        0.124     7.788 r  count[0]_i_1/O
                         net (fo=1, routed)           0.000     7.788    count0[0]
    SLICE_X0Y162         FDPE                                         r  count_reg[0]/D
  -------------------------------------------------------------------    -------------------

                         (clock clkout rise edge)   200.000   200.000 r  
    E3                                                0.000   200.000 r  clk (IN)
                         net (fo=0)                   0.000   200.000    clk
    E3                   IBUF (Prop_ibuf_I_O)         1.411   201.411 r  clk_IBUF_inst/O
                         net (fo=1, routed)           1.162   202.573    clk_IBUF
    MMCME2_ADV_X1Y2      MMCME2_ADV (Prop_mmcme2_adv_CLKIN1_CLKOUT0)
                                                      0.083   202.656 r  MMCME2_BASE_inst/CLKOUT0
                         net (fo=1, routed)           1.639   204.295    clkout
    BUFGCTRL_X0Y16       BUFG (Prop_bufg_I_O)         0.091   204.386 r  clkout_BUFG_inst/O
                         net (fo=4, routed)           1.760   206.146    clkout_BUFG
    SLICE_X0Y162         FDPE                                         r  count_reg[0]/C
                         clock pessimism              0.361   206.508    
                         clock uncertainty           -0.289   206.218    
    SLICE_X0Y162         FDPE (Setup_fdpe_C_D)        0.031   206.249    count_reg[0]
  -------------------------------------------------------------------
                         required time                        206.249    
                         arrival time                          -7.788    
  -------------------------------------------------------------------
                         slack                                198.461    





Min Delay Paths
--------------------------------------------------------------------------------------
Slack (MET) :             0.288ns  (arrival time - required time)
  Source:                 count_reg[1]/C
                            (rising edge-triggered cell FDPE clocked by clkout  {rise@0.000ns fall@100.000ns period=200.000ns})
  Destination:            count_reg[3]/D
                            (rising edge-triggered cell FDPE clocked by clkout  {rise@0.000ns fall@100.000ns period=200.000ns})
  Path Group:             clkout
  Path Type:              Hold (Min at Fast Process Corner)
  Requirement:            0.000ns  (clkout rise@0.000ns - clkout rise@0.000ns)
  Data Path Delay:        0.392ns  (logic 0.230ns (58.679%)  route 0.162ns (41.321%))
  Logic Levels:           1  (LUT4=1)
  Clock Path Skew:        0.000ns (DCD - SCD - CPR)
    Destination Clock Delay (DCD):    2.496ns
    Source Clock Delay      (SCD):    1.942ns
    Clock Pessimism Removal (CPR):    0.554ns

    Location             Delay type                Incr(ns)  Path(ns)    Netlist Resource(s)
  -------------------------------------------------------------------    -------------------
                         (clock clkout rise edge)     0.000     0.000 r  
    E3                                                0.000     0.000 r  clk (IN)
                         net (fo=0)                   0.000     0.000    clk
    E3                   IBUF (Prop_ibuf_I_O)         0.250     0.250 r  clk_IBUF_inst/O
                         net (fo=1, routed)           0.440     0.690    clk_IBUF
    MMCME2_ADV_X1Y2      MMCME2_ADV (Prop_mmcme2_adv_CLKIN1_CLKOUT0)
                                                      0.050     0.740 r  MMCME2_BASE_inst/CLKOUT0
                         net (fo=1, routed)           0.499     1.239    clkout
    BUFGCTRL_X0Y16       BUFG (Prop_bufg_I_O)         0.026     1.265 r  clkout_BUFG_inst/O
                         net (fo=4, routed)           0.677     1.942    clkout_BUFG
    SLICE_X0Y162         FDPE                                         r  count_reg[1]/C
  -------------------------------------------------------------------    -------------------
    SLICE_X0Y162         FDPE (Prop_fdpe_C_Q)         0.128     2.070 r  count_reg[1]/Q
                         net (fo=8, routed)           0.162     2.232    count_OBUF[1]
    SLICE_X0Y162         LUT4 (Prop_lut4_I2_O)        0.102     2.334 r  count[3]_i_1/O
                         net (fo=1, routed)           0.000     2.334    count[3]_i_1_n_0
    SLICE_X0Y162         FDPE                                         r  count_reg[3]/D
  -------------------------------------------------------------------    -------------------

                         (clock clkout rise edge)     0.000     0.000 r  
    E3                                                0.000     0.000 r  clk (IN)
                         net (fo=0)                   0.000     0.000    clk
    E3                   IBUF (Prop_ibuf_I_O)         0.438     0.438 r  clk_IBUF_inst/O
                         net (fo=1, routed)           0.480     0.918    clk_IBUF
    MMCME2_ADV_X1Y2      MMCME2_ADV (Prop_mmcme2_adv_CLKIN1_CLKOUT0)
                                                      0.053     0.971 r  MMCME2_BASE_inst/CLKOUT0
                         net (fo=1, routed)           0.544     1.514    clkout
    BUFGCTRL_X0Y16       BUFG (Prop_bufg_I_O)         0.029     1.543 r  clkout_BUFG_inst/O
                         net (fo=4, routed)           0.953     2.496    clkout_BUFG
    SLICE_X0Y162         FDPE                                         r  count_reg[3]/C
                         clock pessimism             -0.554     1.942    
    SLICE_X0Y162         FDPE (Hold_fdpe_C_D)         0.104     2.046    count_reg[3]
  -------------------------------------------------------------------
                         required time                         -2.046    
                         arrival time                           2.334    
  -------------------------------------------------------------------
                         slack                                  0.288    

Slack (MET) :             0.341ns  (arrival time - required time)
  Source:                 count_reg[0]/C
                            (rising edge-triggered cell FDPE clocked by clkout  {rise@0.000ns fall@100.000ns period=200.000ns})
  Destination:            count_reg[1]/D
                            (rising edge-triggered cell FDPE clocked by clkout  {rise@0.000ns fall@100.000ns period=200.000ns})
  Path Group:             clkout
  Path Type:              Hold (Min at Fast Process Corner)
  Requirement:            0.000ns  (clkout rise@0.000ns - clkout rise@0.000ns)
  Data Path Delay:        0.448ns  (logic 0.184ns (41.028%)  route 0.264ns (58.972%))
  Logic Levels:           1  (LUT2=1)
  Clock Path Skew:        0.000ns (DCD - SCD - CPR)
    Destination Clock Delay (DCD):    2.496ns
    Source Clock Delay      (SCD):    1.942ns
    Clock Pessimism Removal (CPR):    0.554ns

    Location             Delay type                Incr(ns)  Path(ns)    Netlist Resource(s)
  -------------------------------------------------------------------    -------------------
                         (clock clkout rise edge)     0.000     0.000 r  
    E3                                                0.000     0.000 r  clk (IN)
                         net (fo=0)                   0.000     0.000    clk
    E3                   IBUF (Prop_ibuf_I_O)         0.250     0.250 r  clk_IBUF_inst/O
                         net (fo=1, routed)           0.440     0.690    clk_IBUF
    MMCME2_ADV_X1Y2      MMCME2_ADV (Prop_mmcme2_adv_CLKIN1_CLKOUT0)
                                                      0.050     0.740 r  MMCME2_BASE_inst/CLKOUT0
                         net (fo=1, routed)           0.499     1.239    clkout
    BUFGCTRL_X0Y16       BUFG (Prop_bufg_I_O)         0.026     1.265 r  clkout_BUFG_inst/O
                         net (fo=4, routed)           0.677     1.942    clkout_BUFG
    SLICE_X0Y162         FDPE                                         r  count_reg[0]/C
  -------------------------------------------------------------------    -------------------
    SLICE_X0Y162         FDPE (Prop_fdpe_C_Q)         0.141     2.083 r  count_reg[0]/Q
                         net (fo=9, routed)           0.264     2.347    count_OBUF[0]
    SLICE_X0Y162         LUT2 (Prop_lut2_I0_O)        0.043     2.390 r  count[1]_i_1/O
                         net (fo=1, routed)           0.000     2.390    count[1]_i_1_n_0
    SLICE_X0Y162         FDPE                                         r  count_reg[1]/D
  -------------------------------------------------------------------    -------------------

                         (clock clkout rise edge)     0.000     0.000 r  
    E3                                                0.000     0.000 r  clk (IN)
                         net (fo=0)                   0.000     0.000    clk
    E3                   IBUF (Prop_ibuf_I_O)         0.438     0.438 r  clk_IBUF_inst/O
                         net (fo=1, routed)           0.480     0.918    clk_IBUF
    MMCME2_ADV_X1Y2      MMCME2_ADV (Prop_mmcme2_adv_CLKIN1_CLKOUT0)
                                                      0.053     0.971 r  MMCME2_BASE_inst/CLKOUT0
                         net (fo=1, routed)           0.544     1.514    clkout
    BUFGCTRL_X0Y16       BUFG (Prop_bufg_I_O)         0.029     1.543 r  clkout_BUFG_inst/O
                         net (fo=4, routed)           0.953     2.496    clkout_BUFG
    SLICE_X0Y162         FDPE                                         r  count_reg[1]/C
                         clock pessimism             -0.554     1.942    
    SLICE_X0Y162         FDPE (Hold_fdpe_C_D)         0.107     2.049    count_reg[1]
  -------------------------------------------------------------------
                         required time                         -2.049    
                         arrival time                           2.390    
  -------------------------------------------------------------------
                         slack                                  0.341    

Slack (MET) :             0.358ns  (arrival time - required time)
  Source:                 count_reg[0]/C
                            (rising edge-triggered cell FDPE clocked by clkout  {rise@0.000ns fall@100.000ns period=200.000ns})
  Destination:            count_reg[0]/D
                            (rising edge-triggered cell FDPE clocked by clkout  {rise@0.000ns fall@100.000ns period=200.000ns})
  Path Group:             clkout
  Path Type:              Hold (Min at Fast Process Corner)
  Requirement:            0.000ns  (clkout rise@0.000ns - clkout rise@0.000ns)
  Data Path Delay:        0.450ns  (logic 0.186ns (41.290%)  route 0.264ns (58.710%))
  Logic Levels:           1  (LUT1=1)
  Clock Path Skew:        0.000ns (DCD - SCD - CPR)
    Destination Clock Delay (DCD):    2.496ns
    Source Clock Delay      (SCD):    1.942ns
    Clock Pessimism Removal (CPR):    0.554ns

    Location             Delay type                Incr(ns)  Path(ns)    Netlist Resource(s)
  -------------------------------------------------------------------    -------------------
                         (clock clkout rise edge)     0.000     0.000 r  
    E3                                                0.000     0.000 r  clk (IN)
                         net (fo=0)                   0.000     0.000    clk
    E3                   IBUF (Prop_ibuf_I_O)         0.250     0.250 r  clk_IBUF_inst/O
                         net (fo=1, routed)           0.440     0.690    clk_IBUF
    MMCME2_ADV_X1Y2      MMCME2_ADV (Prop_mmcme2_adv_CLKIN1_CLKOUT0)
                                                      0.050     0.740 r  MMCME2_BASE_inst/CLKOUT0
                         net (fo=1, routed)           0.499     1.239    clkout
    BUFGCTRL_X0Y16       BUFG (Prop_bufg_I_O)         0.026     1.265 r  clkout_BUFG_inst/O
                         net (fo=4, routed)           0.677     1.942    clkout_BUFG
    SLICE_X0Y162         FDPE                                         r  count_reg[0]/C
  -------------------------------------------------------------------    -------------------
    SLICE_X0Y162         FDPE (Prop_fdpe_C_Q)         0.141     2.083 f  count_reg[0]/Q
                         net (fo=9, routed)           0.264     2.347    count_OBUF[0]
    SLICE_X0Y162         LUT1 (Prop_lut1_I0_O)        0.045     2.392 r  count[0]_i_1/O
                         net (fo=1, routed)           0.000     2.392    count0[0]
    SLICE_X0Y162         FDPE                                         r  count_reg[0]/D
  -------------------------------------------------------------------    -------------------

                         (clock clkout rise edge)     0.000     0.000 r  
    E3                                                0.000     0.000 r  clk (IN)
                         net (fo=0)                   0.000     0.000    clk
    E3                   IBUF (Prop_ibuf_I_O)         0.438     0.438 r  clk_IBUF_inst/O
                         net (fo=1, routed)           0.480     0.918    clk_IBUF
    MMCME2_ADV_X1Y2      MMCME2_ADV (Prop_mmcme2_adv_CLKIN1_CLKOUT0)
                                                      0.053     0.971 r  MMCME2_BASE_inst/CLKOUT0
                         net (fo=1, routed)           0.544     1.514    clkout
    BUFGCTRL_X0Y16       BUFG (Prop_bufg_I_O)         0.029     1.543 r  clkout_BUFG_inst/O
                         net (fo=4, routed)           0.953     2.496    clkout_BUFG
    SLICE_X0Y162         FDPE                                         r  count_reg[0]/C
                         clock pessimism             -0.554     1.942    
    SLICE_X0Y162         FDPE (Hold_fdpe_C_D)         0.092     2.034    count_reg[0]
  -------------------------------------------------------------------
                         required time                         -2.034    
                         arrival time                           2.392    
  -------------------------------------------------------------------
                         slack                                  0.358    

Slack (MET) :             0.475ns  (arrival time - required time)
  Source:                 count_reg[2]/C
                            (rising edge-triggered cell FDPE clocked by clkout  {rise@0.000ns fall@100.000ns period=200.000ns})
  Destination:            count_reg[2]/D
                            (rising edge-triggered cell FDPE clocked by clkout  {rise@0.000ns fall@100.000ns period=200.000ns})
  Path Group:             clkout
  Path Type:              Hold (Min at Fast Process Corner)
  Requirement:            0.000ns  (clkout rise@0.000ns - clkout rise@0.000ns)
  Data Path Delay:        0.545ns  (logic 0.186ns (34.134%)  route 0.359ns (65.866%))
  Logic Levels:           1  (LUT3=1)
  Clock Path Skew:        0.000ns (DCD - SCD - CPR)
    Destination Clock Delay (DCD):    2.496ns
    Source Clock Delay      (SCD):    1.942ns
    Clock Pessimism Removal (CPR):    0.554ns

    Location             Delay type                Incr(ns)  Path(ns)    Netlist Resource(s)
  -------------------------------------------------------------------    -------------------
                         (clock clkout rise edge)     0.000     0.000 r  
    E3                                                0.000     0.000 r  clk (IN)
                         net (fo=0)                   0.000     0.000    clk
    E3                   IBUF (Prop_ibuf_I_O)         0.250     0.250 r  clk_IBUF_inst/O
                         net (fo=1, routed)           0.440     0.690    clk_IBUF
    MMCME2_ADV_X1Y2      MMCME2_ADV (Prop_mmcme2_adv_CLKIN1_CLKOUT0)
                                                      0.050     0.740 r  MMCME2_BASE_inst/CLKOUT0
                         net (fo=1, routed)           0.499     1.239    clkout
    BUFGCTRL_X0Y16       BUFG (Prop_bufg_I_O)         0.026     1.265 r  clkout_BUFG_inst/O
                         net (fo=4, routed)           0.677     1.942    clkout_BUFG
    SLICE_X0Y162         FDPE                                         r  count_reg[2]/C
  -------------------------------------------------------------------    -------------------
    SLICE_X0Y162         FDPE (Prop_fdpe_C_Q)         0.141     2.083 r  count_reg[2]/Q
                         net (fo=7, routed)           0.241     2.324    count_OBUF[2]
    SLICE_X0Y162         LUT3 (Prop_lut3_I2_O)        0.045     2.369 r  count[2]_i_1/O
                         net (fo=1, routed)           0.118     2.487    count[2]_i_1_n_0
    SLICE_X0Y162         FDPE                                         r  count_reg[2]/D
  -------------------------------------------------------------------    -------------------

                         (clock clkout rise edge)     0.000     0.000 r  
    E3                                                0.000     0.000 r  clk (IN)
                         net (fo=0)                   0.000     0.000    clk
    E3                   IBUF (Prop_ibuf_I_O)         0.438     0.438 r  clk_IBUF_inst/O
                         net (fo=1, routed)           0.480     0.918    clk_IBUF
    MMCME2_ADV_X1Y2      MMCME2_ADV (Prop_mmcme2_adv_CLKIN1_CLKOUT0)
                                                      0.053     0.971 r  MMCME2_BASE_inst/CLKOUT0
                         net (fo=1, routed)           0.544     1.514    clkout
    BUFGCTRL_X0Y16       BUFG (Prop_bufg_I_O)         0.029     1.543 r  clkout_BUFG_inst/O
                         net (fo=4, routed)           0.953     2.496    clkout_BUFG
    SLICE_X0Y162         FDPE                                         r  count_reg[2]/C
                         clock pessimism             -0.554     1.942    
    SLICE_X0Y162         FDPE (Hold_fdpe_C_D)         0.070     2.012    count_reg[2]
  -------------------------------------------------------------------
                         required time                         -2.012    
                         arrival time                           2.487    
  -------------------------------------------------------------------
                         slack                                  0.475    





Pulse Width Checks
--------------------------------------------------------------------------------------
Clock Name:         clkout
Waveform(ns):       { 0.000 100.000 }
Period(ns):         200.000
Sources:            { MMCME2_BASE_inst/CLKOUT0 }

Check Type        Corner  Lib Pin             Reference Pin  Required(ns)  Actual(ns)  Slack(ns)  Location         Pin
Min Period        n/a     BUFG/I              n/a            2.155         200.000     197.845    BUFGCTRL_X0Y16   clkout_BUFG_inst/I
Min Period        n/a     MMCME2_ADV/CLKOUT0  n/a            1.249         200.000     198.751    MMCME2_ADV_X1Y2  MMCME2_BASE_inst/CLKOUT0
Min Period        n/a     FDPE/C              n/a            1.000         200.000     199.000    SLICE_X0Y162     count_reg[0]/C
Min Period        n/a     FDPE/C              n/a            1.000         200.000     199.000    SLICE_X0Y162     count_reg[1]/C
Min Period        n/a     FDPE/C              n/a            1.000         200.000     199.000    SLICE_X0Y162     count_reg[2]/C
Min Period        n/a     FDPE/C              n/a            1.000         200.000     199.000    SLICE_X0Y162     count_reg[3]/C
Max Period        n/a     MMCME2_ADV/CLKOUT0  n/a            213.360       200.000     13.360     MMCME2_ADV_X1Y2  MMCME2_BASE_inst/CLKOUT0
Low Pulse Width   Slow    FDPE/C              n/a            0.500         100.000     99.500     SLICE_X0Y162     count_reg[0]/C
Low Pulse Width   Slow    FDPE/C              n/a            0.500         100.000     99.500     SLICE_X0Y162     count_reg[1]/C
Low Pulse Width   Slow    FDPE/C              n/a            0.500         100.000     99.500     SLICE_X0Y162     count_reg[2]/C
Low Pulse Width   Slow    FDPE/C              n/a            0.500         100.000     99.500     SLICE_X0Y162     count_reg[3]/C
Low Pulse Width   Fast    FDPE/C              n/a            0.500         100.000     99.500     SLICE_X0Y162     count_reg[0]/C
Low Pulse Width   Fast    FDPE/C              n/a            0.500         100.000     99.500     SLICE_X0Y162     count_reg[1]/C
Low Pulse Width   Fast    FDPE/C              n/a            0.500         100.000     99.500     SLICE_X0Y162     count_reg[2]/C
Low Pulse Width   Fast    FDPE/C              n/a            0.500         100.000     99.500     SLICE_X0Y162     count_reg[3]/C
High Pulse Width  Slow    FDPE/C              n/a            0.500         100.000     99.500     SLICE_X0Y162     count_reg[0]/C
High Pulse Width  Fast    FDPE/C              n/a            0.500         100.000     99.500     SLICE_X0Y162     count_reg[0]/C
High Pulse Width  Slow    FDPE/C              n/a            0.500         100.000     99.500     SLICE_X0Y162     count_reg[1]/C
High Pulse Width  Fast    FDPE/C              n/a            0.500         100.000     99.500     SLICE_X0Y162     count_reg[1]/C
High Pulse Width  Slow    FDPE/C              n/a            0.500         100.000     99.500     SLICE_X0Y162     count_reg[2]/C
High Pulse Width  Fast    FDPE/C              n/a            0.500         100.000     99.500     SLICE_X0Y162     count_reg[2]/C
High Pulse Width  Slow    FDPE/C              n/a            0.500         100.000     99.500     SLICE_X0Y162     count_reg[3]/C
High Pulse Width  Fast    FDPE/C              n/a            0.500         100.000     99.500     SLICE_X0Y162     count_reg[3]/C



