Copyright 1986-2018 Xilinx, Inc. All Rights Reserved.
--------------------------------------------------------------------------------------------------------------------------------------------------------------------------------------------------------------------------
| Tool Version : Vivado v.2018.3 (win64) Build 2405991 Thu Dec  6 23:38:27 MST 2018
| Date         : Wed Nov  2 16:12:24 2022
| Host         : LAPTOP-39EN3K8L running 64-bit major release  (build 9200)
| Command      : report_timing_summary -max_paths 10 -file FourDigitLeDriver_timing_summary_routed.rpt -pb FourDigitLeDriver_timing_summary_routed.pb -rpx FourDigitLeDriver_timing_summary_routed.rpx -warn_on_violation
| Design       : FourDigitLeDriver
| Device       : 7a100t-csg324
| Speed File   : -1  PRODUCTION 1.23 2018-06-13
--------------------------------------------------------------------------------------------------------------------------------------------------------------------------------------------------------------------------

Timing Summary Report

------------------------------------------------------------------------------------------------
| Timer Settings
| --------------
------------------------------------------------------------------------------------------------

  Enable Multi Corner Analysis               :  Yes
  Enable Pessimism Removal                   :  Yes
  Pessimism Removal Resolution               :  Nearest Common Node
  Enable Input Delay Default Clock           :  No
  Enable Preset / Clear Arcs                 :  No
  Disable Flight Delays                      :  No
  Ignore I/O Paths                           :  No
  Timing Early Launch at Borrowing Latches   :  false

  Corner  Analyze    Analyze    
  Name    Max Paths  Min Paths  
  ------  ---------  ---------  
  Slow    Yes        Yes        
  Fast    Yes        Yes        



check_timing report

Table of Contents
-----------------
1. checking no_clock
2. checking constant_clock
3. checking pulse_width_clock
4. checking unconstrained_internal_endpoints
5. checking no_input_delay
6. checking no_output_delay
7. checking multiple_clock
8. checking generated_clocks
9. checking loops
10. checking partial_input_delay
11. checking partial_output_delay
12. checking latch_loops

1. checking no_clock
--------------------
 There are 0 register/latch pins with no clock.


2. checking constant_clock
--------------------------
 There are 0 register/latch pins with constant_clock.


3. checking pulse_width_clock
-----------------------------
 There are 0 register/latch pins which need pulse_width check


4. checking unconstrained_internal_endpoints
--------------------------------------------
 There are 0 pins that are not constrained for maximum delay.

 There are 0 pins that are not constrained for maximum delay due to constant clock.


5. checking no_input_delay
--------------------------
 There is 1 input port with no input delay specified. (HIGH)

 There are 0 input ports with no input delay but user has a false path constraint.


6. checking no_output_delay
---------------------------
 There are 10 ports with no output delay specified. (HIGH)

 There are 0 ports with no output delay but user has a false path constraint

 There are 0 ports with no output delay but with a timing clock defined on it or propagating through it


7. checking multiple_clock
--------------------------
 There are 0 register/latch pins with multiple clocks.


8. checking generated_clocks
----------------------------
 There are 0 generated clocks that are not connected to a clock source.


9. checking loops
-----------------
 There are 0 combinational loops in the design.


10. checking partial_input_delay
--------------------------------
 There are 0 input ports with partial input delay specified.


11. checking partial_output_delay
---------------------------------
 There are 0 ports with partial output delay specified.


12. checking latch_loops
------------------------
 There are 0 combinational latch loops in the design through latch input



------------------------------------------------------------------------------------------------
| Design Timing Summary
| ---------------------
------------------------------------------------------------------------------------------------

    WNS(ns)      TNS(ns)  TNS Failing Endpoints  TNS Total Endpoints      WHS(ns)      THS(ns)  THS Failing Endpoints  THS Total Endpoints     WPWS(ns)     TPWS(ns)  TPWS Failing Endpoints  TPWS Total Endpoints  
    -------      -------  ---------------------  -------------------      -------      -------  ---------------------  -------------------     --------     --------  ----------------------  --------------------  
    198.272        0.000                      0                    4        0.279        0.000                      0                    4        3.000        0.000                       0                     9  


All user specified timing constraints are met.


------------------------------------------------------------------------------------------------
| Clock Summary
| -------------
------------------------------------------------------------------------------------------------

Clock       Waveform(ns)         Period(ns)      Frequency(MHz)
-----       ------------         ----------      --------------
sys_clk     {0.000 5.000}        10.000          100.000         
  clkfbout  {0.000 25.000}       50.000          20.000          
  clkout    {0.000 100.000}      200.000         5.000           


------------------------------------------------------------------------------------------------
| Intra Clock Table
| -----------------
------------------------------------------------------------------------------------------------

Clock             WNS(ns)      TNS(ns)  TNS Failing Endpoints  TNS Total Endpoints      WHS(ns)      THS(ns)  THS Failing Endpoints  THS Total Endpoints     WPWS(ns)     TPWS(ns)  TPWS Failing Endpoints  TPWS Total Endpoints  
-----             -------      -------  ---------------------  -------------------      -------      -------  ---------------------  -------------------     --------     --------  ----------------------  --------------------  
sys_clk                                                                                                                                                         3.000        0.000                       0                     1  
  clkfbout                                                                                                                                                     48.751        0.000                       0                     2  
  clkout          198.272        0.000                      0                    4        0.279        0.000                      0                    4       13.360        0.000                       0                     6  


------------------------------------------------------------------------------------------------
| Inter Clock Table
| -----------------
------------------------------------------------------------------------------------------------

From Clock    To Clock          WNS(ns)      TNS(ns)  TNS Failing Endpoints  TNS Total Endpoints      WHS(ns)      THS(ns)  THS Failing Endpoints  THS Total Endpoints  
----------    --------          -------      -------  ---------------------  -------------------      -------      -------  ---------------------  -------------------  


------------------------------------------------------------------------------------------------
| Other Path Groups Table
| -----------------------
------------------------------------------------------------------------------------------------

Path Group    From Clock    To Clock          WNS(ns)      TNS(ns)  TNS Failing Endpoints  TNS Total Endpoints      WHS(ns)      THS(ns)  THS Failing Endpoints  THS Total Endpoints  
----------    ----------    --------          -------      -------  ---------------------  -------------------      -------      -------  ---------------------  -------------------  


------------------------------------------------------------------------------------------------
| Timing Details
| --------------
------------------------------------------------------------------------------------------------


---------------------------------------------------------------------------------------------------
From Clock:  sys_clk
  To Clock:  sys_clk

Setup :           NA  Failing Endpoints,  Worst Slack           NA  ,  Total Violation           NA
Hold  :           NA  Failing Endpoints,  Worst Slack           NA  ,  Total Violation           NA
PW    :            0  Failing Endpoints,  Worst Slack        3.000ns,  Total Violation        0.000ns
---------------------------------------------------------------------------------------------------


Pulse Width Checks
--------------------------------------------------------------------------------------
Clock Name:         sys_clk
Waveform(ns):       { 0.000 5.000 }
Period(ns):         10.000
Sources:            { clk }

Check Type        Corner  Lib Pin            Reference Pin  Required(ns)  Actual(ns)  Slack(ns)  Location         Pin
Min Period        n/a     MMCME2_ADV/CLKIN1  n/a            1.249         10.000      8.751      MMCME2_ADV_X1Y2  MMCME2_BASE_inst/CLKIN1
Max Period        n/a     MMCME2_ADV/CLKIN1  n/a            100.000       10.000      90.000     MMCME2_ADV_X1Y2  MMCME2_BASE_inst/CLKIN1
Low Pulse Width   Slow    MMCME2_ADV/CLKIN1  n/a            2.000         5.000       3.000      MMCME2_ADV_X1Y2  MMCME2_BASE_inst/CLKIN1
Low Pulse Width   Fast    MMCME2_ADV/CLKIN1  n/a            2.000         5.000       3.000      MMCME2_ADV_X1Y2  MMCME2_BASE_inst/CLKIN1
High Pulse Width  Fast    MMCME2_ADV/CLKIN1  n/a            2.000         5.000       3.000      MMCME2_ADV_X1Y2  MMCME2_BASE_inst/CLKIN1
High Pulse Width  Slow    MMCME2_ADV/CLKIN1  n/a            2.000         5.000       3.000      MMCME2_ADV_X1Y2  MMCME2_BASE_inst/CLKIN1



---------------------------------------------------------------------------------------------------
From Clock:  clkfbout
  To Clock:  clkfbout

Setup :           NA  Failing Endpoints,  Worst Slack           NA  ,  Total Violation           NA
Hold  :           NA  Failing Endpoints,  Worst Slack           NA  ,  Total Violation           NA
PW    :            0  Failing Endpoints,  Worst Slack       48.751ns,  Total Violation        0.000ns
---------------------------------------------------------------------------------------------------


Pulse Width Checks
--------------------------------------------------------------------------------------
Clock Name:         clkfbout
Waveform(ns):       { 0.000 25.000 }
Period(ns):         50.000
Sources:            { MMCME2_BASE_inst/CLKFBOUT }

Check Type  Corner  Lib Pin              Reference Pin  Required(ns)  Actual(ns)  Slack(ns)  Location         Pin
Min Period  n/a     MMCME2_ADV/CLKFBOUT  n/a            1.249         50.000      48.751     MMCME2_ADV_X1Y2  MMCME2_BASE_inst/CLKFBOUT
Min Period  n/a     MMCME2_ADV/CLKFBIN   n/a            1.249         50.000      48.751     MMCME2_ADV_X1Y2  MMCME2_BASE_inst/CLKFBIN
Max Period  n/a     MMCME2_ADV/CLKFBIN   n/a            100.000       50.000      50.000     MMCME2_ADV_X1Y2  MMCME2_BASE_inst/CLKFBIN
Max Period  n/a     MMCME2_ADV/CLKFBOUT  n/a            213.360       50.000      163.360    MMCME2_ADV_X1Y2  MMCME2_BASE_inst/CLKFBOUT



---------------------------------------------------------------------------------------------------
From Clock:  clkout
  To Clock:  clkout

Setup :            0  Failing Endpoints,  Worst Slack      198.272ns,  Total Violation        0.000ns
Hold  :            0  Failing Endpoints,  Worst Slack        0.279ns,  Total Violation        0.000ns
PW    :            0  Failing Endpoints,  Worst Slack       13.360ns,  Total Violation        0.000ns
---------------------------------------------------------------------------------------------------


Max Delay Paths
--------------------------------------------------------------------------------------
Slack (MET) :             198.272ns  (required time - arrival time)
  Source:                 counter_ins/count_result_reg[0]/C
                            (rising edge-triggered cell FDPE clocked by clkout  {rise@0.000ns fall@100.000ns period=200.000ns})
  Destination:            counter_ins/count_result_reg[3]/D
                            (rising edge-triggered cell FDPE clocked by clkout  {rise@0.000ns fall@100.000ns period=200.000ns})
  Path Group:             clkout
  Path Type:              Setup (Max at Slow Process Corner)
  Requirement:            200.000ns  (clkout rise@200.000ns - clkout rise@0.000ns)
  Data Path Delay:        1.485ns  (logic 0.606ns (40.797%)  route 0.879ns (59.203%))
  Logic Levels:           1  (LUT4=1)
  Clock Path Skew:        0.000ns (DCD - SCD + CPR)
    Destination Clock Delay (DCD):    5.990ns = ( 205.990 - 200.000 ) 
    Source Clock Delay      (SCD):    6.342ns
    Clock Pessimism Removal (CPR):    0.352ns
  Clock Uncertainty:      0.289ns  ((TSJ^2 + DJ^2)^1/2) / 2 + PE
    Total System Jitter     (TSJ):    0.071ns
    Discrete Jitter          (DJ):    0.574ns
    Phase Error              (PE):    0.000ns

    Location             Delay type                Incr(ns)  Path(ns)    Netlist Resource(s)
  -------------------------------------------------------------------    -------------------
                         (clock clkout rise edge)     0.000     0.000 r  
    E3                                                0.000     0.000 r  clk (IN)
                         net (fo=0)                   0.000     0.000    clk
    E3                   IBUF (Prop_ibuf_I_O)         1.482     1.482 r  clk_IBUF_inst/O
                         net (fo=1, routed)           1.233     2.715    clk_IBUF
    MMCME2_ADV_X1Y2      MMCME2_ADV (Prop_mmcme2_adv_CLKIN1_CLKOUT0)
                                                      0.088     2.803 r  MMCME2_BASE_inst/CLKOUT0
                         net (fo=1, routed)           1.719     4.522    clkout
    BUFGCTRL_X0Y16       BUFG (Prop_bufg_I_O)         0.096     4.618 r  clkout_BUFG_inst/O
                         net (fo=4, routed)           1.723     6.342    counter_ins/CLK
    SLICE_X1Y89          FDPE                                         r  counter_ins/count_result_reg[0]/C
  -------------------------------------------------------------------    -------------------
    SLICE_X1Y89          FDPE (Prop_fdpe_C_Q)         0.456     6.798 r  counter_ins/count_result_reg[0]/Q
                         net (fo=13, routed)          0.879     7.677    counter_ins/Q[0]
    SLICE_X1Y89          LUT4 (Prop_lut4_I1_O)        0.150     7.827 r  counter_ins/count_result[3]_i_1/O
                         net (fo=1, routed)           0.000     7.827    counter_ins/count_result[3]_i_1_n_0
    SLICE_X1Y89          FDPE                                         r  counter_ins/count_result_reg[3]/D
  -------------------------------------------------------------------    -------------------

                         (clock clkout rise edge)   200.000   200.000 r  
    E3                                                0.000   200.000 r  clk (IN)
                         net (fo=0)                   0.000   200.000    clk
    E3                   IBUF (Prop_ibuf_I_O)         1.411   201.411 r  clk_IBUF_inst/O
                         net (fo=1, routed)           1.162   202.573    clk_IBUF
    MMCME2_ADV_X1Y2      MMCME2_ADV (Prop_mmcme2_adv_CLKIN1_CLKOUT0)
                                                      0.083   202.656 r  MMCME2_BASE_inst/CLKOUT0
                         net (fo=1, routed)           1.639   204.295    clkout
    BUFGCTRL_X0Y16       BUFG (Prop_bufg_I_O)         0.091   204.386 r  clkout_BUFG_inst/O
                         net (fo=4, routed)           1.603   205.990    counter_ins/CLK
    SLICE_X1Y89          FDPE                                         r  counter_ins/count_result_reg[3]/C
                         clock pessimism              0.352   206.342    
                         clock uncertainty           -0.289   206.052    
    SLICE_X1Y89          FDPE (Setup_fdpe_C_D)        0.047   206.099    counter_ins/count_result_reg[3]
  -------------------------------------------------------------------
                         required time                        206.099    
                         arrival time                          -7.827    
  -------------------------------------------------------------------
                         slack                                198.272    

Slack (MET) :             198.284ns  (required time - arrival time)
  Source:                 counter_ins/count_result_reg[0]/C
                            (rising edge-triggered cell FDPE clocked by clkout  {rise@0.000ns fall@100.000ns period=200.000ns})
  Destination:            counter_ins/count_result_reg[1]/D
                            (rising edge-triggered cell FDPE clocked by clkout  {rise@0.000ns fall@100.000ns period=200.000ns})
  Path Group:             clkout
  Path Type:              Setup (Max at Slow Process Corner)
  Requirement:            200.000ns  (clkout rise@200.000ns - clkout rise@0.000ns)
  Data Path Delay:        1.457ns  (logic 0.580ns (39.797%)  route 0.877ns (60.203%))
  Logic Levels:           1  (LUT2=1)
  Clock Path Skew:        0.000ns (DCD - SCD + CPR)
    Destination Clock Delay (DCD):    5.990ns = ( 205.990 - 200.000 ) 
    Source Clock Delay      (SCD):    6.342ns
    Clock Pessimism Removal (CPR):    0.352ns
  Clock Uncertainty:      0.289ns  ((TSJ^2 + DJ^2)^1/2) / 2 + PE
    Total System Jitter     (TSJ):    0.071ns
    Discrete Jitter          (DJ):    0.574ns
    Phase Error              (PE):    0.000ns

    Location             Delay type                Incr(ns)  Path(ns)    Netlist Resource(s)
  -------------------------------------------------------------------    -------------------
                         (clock clkout rise edge)     0.000     0.000 r  
    E3                                                0.000     0.000 r  clk (IN)
                         net (fo=0)                   0.000     0.000    clk
    E3                   IBUF (Prop_ibuf_I_O)         1.482     1.482 r  clk_IBUF_inst/O
                         net (fo=1, routed)           1.233     2.715    clk_IBUF
    MMCME2_ADV_X1Y2      MMCME2_ADV (Prop_mmcme2_adv_CLKIN1_CLKOUT0)
                                                      0.088     2.803 r  MMCME2_BASE_inst/CLKOUT0
                         net (fo=1, routed)           1.719     4.522    clkout
    BUFGCTRL_X0Y16       BUFG (Prop_bufg_I_O)         0.096     4.618 r  clkout_BUFG_inst/O
                         net (fo=4, routed)           1.723     6.342    counter_ins/CLK
    SLICE_X1Y89          FDPE                                         r  counter_ins/count_result_reg[0]/C
  -------------------------------------------------------------------    -------------------
    SLICE_X1Y89          FDPE (Prop_fdpe_C_Q)         0.456     6.798 r  counter_ins/count_result_reg[0]/Q
                         net (fo=13, routed)          0.877     7.675    counter_ins/Q[0]
    SLICE_X1Y89          LUT2 (Prop_lut2_I0_O)        0.124     7.799 r  counter_ins/count_result[1]_i_1/O
                         net (fo=1, routed)           0.000     7.799    counter_ins/count_result[1]_i_1_n_0
    SLICE_X1Y89          FDPE                                         r  counter_ins/count_result_reg[1]/D
  -------------------------------------------------------------------    -------------------

                         (clock clkout rise edge)   200.000   200.000 r  
    E3                                                0.000   200.000 r  clk (IN)
                         net (fo=0)                   0.000   200.000    clk
    E3                   IBUF (Prop_ibuf_I_O)         1.411   201.411 r  clk_IBUF_inst/O
                         net (fo=1, routed)           1.162   202.573    clk_IBUF
    MMCME2_ADV_X1Y2      MMCME2_ADV (Prop_mmcme2_adv_CLKIN1_CLKOUT0)
                                                      0.083   202.656 r  MMCME2_BASE_inst/CLKOUT0
                         net (fo=1, routed)           1.639   204.295    clkout
    BUFGCTRL_X0Y16       BUFG (Prop_bufg_I_O)         0.091   204.386 r  clkout_BUFG_inst/O
                         net (fo=4, routed)           1.603   205.990    counter_ins/CLK
    SLICE_X1Y89          FDPE                                         r  counter_ins/count_result_reg[1]/C
                         clock pessimism              0.352   206.342    
                         clock uncertainty           -0.289   206.052    
    SLICE_X1Y89          FDPE (Setup_fdpe_C_D)        0.031   206.083    counter_ins/count_result_reg[1]
  -------------------------------------------------------------------
                         required time                        206.083    
                         arrival time                          -7.799    
  -------------------------------------------------------------------
                         slack                                198.284    

Slack (MET) :             198.302ns  (required time - arrival time)
  Source:                 counter_ins/count_result_reg[0]/C
                            (rising edge-triggered cell FDPE clocked by clkout  {rise@0.000ns fall@100.000ns period=200.000ns})
  Destination:            counter_ins/count_result_reg[2]/D
                            (rising edge-triggered cell FDPE clocked by clkout  {rise@0.000ns fall@100.000ns period=200.000ns})
  Path Group:             clkout
  Path Type:              Setup (Max at Slow Process Corner)
  Requirement:            200.000ns  (clkout rise@200.000ns - clkout rise@0.000ns)
  Data Path Delay:        1.483ns  (logic 0.606ns (40.852%)  route 0.877ns (59.148%))
  Logic Levels:           1  (LUT3=1)
  Clock Path Skew:        0.000ns (DCD - SCD + CPR)
    Destination Clock Delay (DCD):    5.990ns = ( 205.990 - 200.000 ) 
    Source Clock Delay      (SCD):    6.342ns
    Clock Pessimism Removal (CPR):    0.352ns
  Clock Uncertainty:      0.289ns  ((TSJ^2 + DJ^2)^1/2) / 2 + PE
    Total System Jitter     (TSJ):    0.071ns
    Discrete Jitter          (DJ):    0.574ns
    Phase Error              (PE):    0.000ns

    Location             Delay type                Incr(ns)  Path(ns)    Netlist Resource(s)
  -------------------------------------------------------------------    -------------------
                         (clock clkout rise edge)     0.000     0.000 r  
    E3                                                0.000     0.000 r  clk (IN)
                         net (fo=0)                   0.000     0.000    clk
    E3                   IBUF (Prop_ibuf_I_O)         1.482     1.482 r  clk_IBUF_inst/O
                         net (fo=1, routed)           1.233     2.715    clk_IBUF
    MMCME2_ADV_X1Y2      MMCME2_ADV (Prop_mmcme2_adv_CLKIN1_CLKOUT0)
                                                      0.088     2.803 r  MMCME2_BASE_inst/CLKOUT0
                         net (fo=1, routed)           1.719     4.522    clkout
    BUFGCTRL_X0Y16       BUFG (Prop_bufg_I_O)         0.096     4.618 r  clkout_BUFG_inst/O
                         net (fo=4, routed)           1.723     6.342    counter_ins/CLK
    SLICE_X1Y89          FDPE                                         r  counter_ins/count_result_reg[0]/C
  -------------------------------------------------------------------    -------------------
    SLICE_X1Y89          FDPE (Prop_fdpe_C_Q)         0.456     6.798 r  counter_ins/count_result_reg[0]/Q
                         net (fo=13, routed)          0.877     7.675    counter_ins/Q[0]
    SLICE_X1Y89          LUT3 (Prop_lut3_I1_O)        0.150     7.825 r  counter_ins/count_result[2]_i_1/O
                         net (fo=1, routed)           0.000     7.825    counter_ins/count_result[2]_i_1_n_0
    SLICE_X1Y89          FDPE                                         r  counter_ins/count_result_reg[2]/D
  -------------------------------------------------------------------    -------------------

                         (clock clkout rise edge)   200.000   200.000 r  
    E3                                                0.000   200.000 r  clk (IN)
                         net (fo=0)                   0.000   200.000    clk
    E3                   IBUF (Prop_ibuf_I_O)         1.411   201.411 r  clk_IBUF_inst/O
                         net (fo=1, routed)           1.162   202.573    clk_IBUF
    MMCME2_ADV_X1Y2      MMCME2_ADV (Prop_mmcme2_adv_CLKIN1_CLKOUT0)
                                                      0.083   202.656 r  MMCME2_BASE_inst/CLKOUT0
                         net (fo=1, routed)           1.639   204.295    clkout
    BUFGCTRL_X0Y16       BUFG (Prop_bufg_I_O)         0.091   204.386 r  clkout_BUFG_inst/O
                         net (fo=4, routed)           1.603   205.990    counter_ins/CLK
    SLICE_X1Y89          FDPE                                         r  counter_ins/count_result_reg[2]/C
                         clock pessimism              0.352   206.342    
                         clock uncertainty           -0.289   206.052    
    SLICE_X1Y89          FDPE (Setup_fdpe_C_D)        0.075   206.127    counter_ins/count_result_reg[2]
  -------------------------------------------------------------------
                         required time                        206.127    
                         arrival time                          -7.825    
  -------------------------------------------------------------------
                         slack                                198.302    

Slack (MET) :             198.472ns  (required time - arrival time)
  Source:                 counter_ins/count_result_reg[0]/C
                            (rising edge-triggered cell FDPE clocked by clkout  {rise@0.000ns fall@100.000ns period=200.000ns})
  Destination:            counter_ins/count_result_reg[0]/D
                            (rising edge-triggered cell FDPE clocked by clkout  {rise@0.000ns fall@100.000ns period=200.000ns})
  Path Group:             clkout
  Path Type:              Setup (Max at Slow Process Corner)
  Requirement:            200.000ns  (clkout rise@200.000ns - clkout rise@0.000ns)
  Data Path Delay:        1.269ns  (logic 0.580ns (45.698%)  route 0.689ns (54.302%))
  Logic Levels:           1  (LUT1=1)
  Clock Path Skew:        0.000ns (DCD - SCD + CPR)
    Destination Clock Delay (DCD):    5.990ns = ( 205.990 - 200.000 ) 
    Source Clock Delay      (SCD):    6.342ns
    Clock Pessimism Removal (CPR):    0.352ns
  Clock Uncertainty:      0.289ns  ((TSJ^2 + DJ^2)^1/2) / 2 + PE
    Total System Jitter     (TSJ):    0.071ns
    Discrete Jitter          (DJ):    0.574ns
    Phase Error              (PE):    0.000ns

    Location             Delay type                Incr(ns)  Path(ns)    Netlist Resource(s)
  -------------------------------------------------------------------    -------------------
                         (clock clkout rise edge)     0.000     0.000 r  
    E3                                                0.000     0.000 r  clk (IN)
                         net (fo=0)                   0.000     0.000    clk
    E3                   IBUF (Prop_ibuf_I_O)         1.482     1.482 r  clk_IBUF_inst/O
                         net (fo=1, routed)           1.233     2.715    clk_IBUF
    MMCME2_ADV_X1Y2      MMCME2_ADV (Prop_mmcme2_adv_CLKIN1_CLKOUT0)
                                                      0.088     2.803 r  MMCME2_BASE_inst/CLKOUT0
                         net (fo=1, routed)           1.719     4.522    clkout
    BUFGCTRL_X0Y16       BUFG (Prop_bufg_I_O)         0.096     4.618 r  clkout_BUFG_inst/O
                         net (fo=4, routed)           1.723     6.342    counter_ins/CLK
    SLICE_X1Y89          FDPE                                         r  counter_ins/count_result_reg[0]/C
  -------------------------------------------------------------------    -------------------
    SLICE_X1Y89          FDPE (Prop_fdpe_C_Q)         0.456     6.798 f  counter_ins/count_result_reg[0]/Q
                         net (fo=13, routed)          0.689     7.487    counter_ins/Q[0]
    SLICE_X1Y89          LUT1 (Prop_lut1_I0_O)        0.124     7.611 r  counter_ins/count_result[0]_i_1/O
                         net (fo=1, routed)           0.000     7.611    counter_ins/count_result[0]_i_1_n_0
    SLICE_X1Y89          FDPE                                         r  counter_ins/count_result_reg[0]/D
  -------------------------------------------------------------------    -------------------

                         (clock clkout rise edge)   200.000   200.000 r  
    E3                                                0.000   200.000 r  clk (IN)
                         net (fo=0)                   0.000   200.000    clk
    E3                   IBUF (Prop_ibuf_I_O)         1.411   201.411 r  clk_IBUF_inst/O
                         net (fo=1, routed)           1.162   202.573    clk_IBUF
    MMCME2_ADV_X1Y2      MMCME2_ADV (Prop_mmcme2_adv_CLKIN1_CLKOUT0)
                                                      0.083   202.656 r  MMCME2_BASE_inst/CLKOUT0
                         net (fo=1, routed)           1.639   204.295    clkout
    BUFGCTRL_X0Y16       BUFG (Prop_bufg_I_O)         0.091   204.386 r  clkout_BUFG_inst/O
                         net (fo=4, routed)           1.603   205.990    counter_ins/CLK
    SLICE_X1Y89          FDPE                                         r  counter_ins/count_result_reg[0]/C
                         clock pessimism              0.352   206.342    
                         clock uncertainty           -0.289   206.052    
    SLICE_X1Y89          FDPE (Setup_fdpe_C_D)        0.031   206.083    counter_ins/count_result_reg[0]
  -------------------------------------------------------------------
                         required time                        206.083    
                         arrival time                          -7.611    
  -------------------------------------------------------------------
                         slack                                198.472    





Min Delay Paths
--------------------------------------------------------------------------------------
Slack (MET) :             0.279ns  (arrival time - required time)
  Source:                 counter_ins/count_result_reg[3]/C
                            (rising edge-triggered cell FDPE clocked by clkout  {rise@0.000ns fall@100.000ns period=200.000ns})
  Destination:            counter_ins/count_result_reg[3]/D
                            (rising edge-triggered cell FDPE clocked by clkout  {rise@0.000ns fall@100.000ns period=200.000ns})
  Path Group:             clkout
  Path Type:              Hold (Min at Fast Process Corner)
  Requirement:            0.000ns  (clkout rise@0.000ns - clkout rise@0.000ns)
  Data Path Delay:        0.384ns  (logic 0.183ns (47.716%)  route 0.201ns (52.284%))
  Logic Levels:           1  (LUT4=1)
  Clock Path Skew:        0.000ns (DCD - SCD - CPR)
    Destination Clock Delay (DCD):    2.418ns
    Source Clock Delay      (SCD):    1.866ns
    Clock Pessimism Removal (CPR):    0.551ns

    Location             Delay type                Incr(ns)  Path(ns)    Netlist Resource(s)
  -------------------------------------------------------------------    -------------------
                         (clock clkout rise edge)     0.000     0.000 r  
    E3                                                0.000     0.000 r  clk (IN)
                         net (fo=0)                   0.000     0.000    clk
    E3                   IBUF (Prop_ibuf_I_O)         0.250     0.250 r  clk_IBUF_inst/O
                         net (fo=1, routed)           0.440     0.690    clk_IBUF
    MMCME2_ADV_X1Y2      MMCME2_ADV (Prop_mmcme2_adv_CLKIN1_CLKOUT0)
                                                      0.050     0.740 r  MMCME2_BASE_inst/CLKOUT0
                         net (fo=1, routed)           0.499     1.239    clkout
    BUFGCTRL_X0Y16       BUFG (Prop_bufg_I_O)         0.026     1.265 r  clkout_BUFG_inst/O
                         net (fo=4, routed)           0.602     1.866    counter_ins/CLK
    SLICE_X1Y89          FDPE                                         r  counter_ins/count_result_reg[3]/C
  -------------------------------------------------------------------    -------------------
    SLICE_X1Y89          FDPE (Prop_fdpe_C_Q)         0.141     2.007 r  counter_ins/count_result_reg[3]/Q
                         net (fo=9, routed)           0.201     2.208    counter_ins/Q[3]
    SLICE_X1Y89          LUT4 (Prop_lut4_I3_O)        0.042     2.250 r  counter_ins/count_result[3]_i_1/O
                         net (fo=1, routed)           0.000     2.250    counter_ins/count_result[3]_i_1_n_0
    SLICE_X1Y89          FDPE                                         r  counter_ins/count_result_reg[3]/D
  -------------------------------------------------------------------    -------------------

                         (clock clkout rise edge)     0.000     0.000 r  
    E3                                                0.000     0.000 r  clk (IN)
                         net (fo=0)                   0.000     0.000    clk
    E3                   IBUF (Prop_ibuf_I_O)         0.438     0.438 r  clk_IBUF_inst/O
                         net (fo=1, routed)           0.480     0.918    clk_IBUF
    MMCME2_ADV_X1Y2      MMCME2_ADV (Prop_mmcme2_adv_CLKIN1_CLKOUT0)
                                                      0.053     0.971 r  MMCME2_BASE_inst/CLKOUT0
                         net (fo=1, routed)           0.544     1.514    clkout
    BUFGCTRL_X0Y16       BUFG (Prop_bufg_I_O)         0.029     1.543 r  clkout_BUFG_inst/O
                         net (fo=4, routed)           0.875     2.418    counter_ins/CLK
    SLICE_X1Y89          FDPE                                         r  counter_ins/count_result_reg[3]/C
                         clock pessimism             -0.551     1.866    
    SLICE_X1Y89          FDPE (Hold_fdpe_C_D)         0.105     1.971    counter_ins/count_result_reg[3]
  -------------------------------------------------------------------
                         required time                         -1.971    
                         arrival time                           2.250    
  -------------------------------------------------------------------
                         slack                                  0.279    

Slack (MET) :             0.340ns  (arrival time - required time)
  Source:                 counter_ins/count_result_reg[1]/C
                            (rising edge-triggered cell FDPE clocked by clkout  {rise@0.000ns fall@100.000ns period=200.000ns})
  Destination:            counter_ins/count_result_reg[2]/D
                            (rising edge-triggered cell FDPE clocked by clkout  {rise@0.000ns fall@100.000ns period=200.000ns})
  Path Group:             clkout
  Path Type:              Hold (Min at Fast Process Corner)
  Requirement:            0.000ns  (clkout rise@0.000ns - clkout rise@0.000ns)
  Data Path Delay:        0.447ns  (logic 0.184ns (41.134%)  route 0.263ns (58.866%))
  Logic Levels:           1  (LUT3=1)
  Clock Path Skew:        0.000ns (DCD - SCD - CPR)
    Destination Clock Delay (DCD):    2.418ns
    Source Clock Delay      (SCD):    1.866ns
    Clock Pessimism Removal (CPR):    0.551ns

    Location             Delay type                Incr(ns)  Path(ns)    Netlist Resource(s)
  -------------------------------------------------------------------    -------------------
                         (clock clkout rise edge)     0.000     0.000 r  
    E3                                                0.000     0.000 r  clk (IN)
                         net (fo=0)                   0.000     0.000    clk
    E3                   IBUF (Prop_ibuf_I_O)         0.250     0.250 r  clk_IBUF_inst/O
                         net (fo=1, routed)           0.440     0.690    clk_IBUF
    MMCME2_ADV_X1Y2      MMCME2_ADV (Prop_mmcme2_adv_CLKIN1_CLKOUT0)
                                                      0.050     0.740 r  MMCME2_BASE_inst/CLKOUT0
                         net (fo=1, routed)           0.499     1.239    clkout
    BUFGCTRL_X0Y16       BUFG (Prop_bufg_I_O)         0.026     1.265 r  clkout_BUFG_inst/O
                         net (fo=4, routed)           0.602     1.866    counter_ins/CLK
    SLICE_X1Y89          FDPE                                         r  counter_ins/count_result_reg[1]/C
  -------------------------------------------------------------------    -------------------
    SLICE_X1Y89          FDPE (Prop_fdpe_C_Q)         0.141     2.007 r  counter_ins/count_result_reg[1]/Q
                         net (fo=12, routed)          0.263     2.271    counter_ins/Q[1]
    SLICE_X1Y89          LUT3 (Prop_lut3_I0_O)        0.043     2.314 r  counter_ins/count_result[2]_i_1/O
                         net (fo=1, routed)           0.000     2.314    counter_ins/count_result[2]_i_1_n_0
    SLICE_X1Y89          FDPE                                         r  counter_ins/count_result_reg[2]/D
  -------------------------------------------------------------------    -------------------

                         (clock clkout rise edge)     0.000     0.000 r  
    E3                                                0.000     0.000 r  clk (IN)
                         net (fo=0)                   0.000     0.000    clk
    E3                   IBUF (Prop_ibuf_I_O)         0.438     0.438 r  clk_IBUF_inst/O
                         net (fo=1, routed)           0.480     0.918    clk_IBUF
    MMCME2_ADV_X1Y2      MMCME2_ADV (Prop_mmcme2_adv_CLKIN1_CLKOUT0)
                                                      0.053     0.971 r  MMCME2_BASE_inst/CLKOUT0
                         net (fo=1, routed)           0.544     1.514    clkout
    BUFGCTRL_X0Y16       BUFG (Prop_bufg_I_O)         0.029     1.543 r  clkout_BUFG_inst/O
                         net (fo=4, routed)           0.875     2.418    counter_ins/CLK
    SLICE_X1Y89          FDPE                                         r  counter_ins/count_result_reg[2]/C
                         clock pessimism             -0.551     1.866    
    SLICE_X1Y89          FDPE (Hold_fdpe_C_D)         0.107     1.973    counter_ins/count_result_reg[2]
  -------------------------------------------------------------------
                         required time                         -1.973    
                         arrival time                           2.314    
  -------------------------------------------------------------------
                         slack                                  0.340    

Slack (MET) :             0.347ns  (arrival time - required time)
  Source:                 counter_ins/count_result_reg[0]/C
                            (rising edge-triggered cell FDPE clocked by clkout  {rise@0.000ns fall@100.000ns period=200.000ns})
  Destination:            counter_ins/count_result_reg[0]/D
                            (rising edge-triggered cell FDPE clocked by clkout  {rise@0.000ns fall@100.000ns period=200.000ns})
  Path Group:             clkout
  Path Type:              Hold (Min at Fast Process Corner)
  Requirement:            0.000ns  (clkout rise@0.000ns - clkout rise@0.000ns)
  Data Path Delay:        0.439ns  (logic 0.186ns (42.349%)  route 0.253ns (57.651%))
  Logic Levels:           1  (LUT1=1)
  Clock Path Skew:        0.000ns (DCD - SCD - CPR)
    Destination Clock Delay (DCD):    2.418ns
    Source Clock Delay      (SCD):    1.866ns
    Clock Pessimism Removal (CPR):    0.551ns

    Location             Delay type                Incr(ns)  Path(ns)    Netlist Resource(s)
  -------------------------------------------------------------------    -------------------
                         (clock clkout rise edge)     0.000     0.000 r  
    E3                                                0.000     0.000 r  clk (IN)
                         net (fo=0)                   0.000     0.000    clk
    E3                   IBUF (Prop_ibuf_I_O)         0.250     0.250 r  clk_IBUF_inst/O
                         net (fo=1, routed)           0.440     0.690    clk_IBUF
    MMCME2_ADV_X1Y2      MMCME2_ADV (Prop_mmcme2_adv_CLKIN1_CLKOUT0)
                                                      0.050     0.740 r  MMCME2_BASE_inst/CLKOUT0
                         net (fo=1, routed)           0.499     1.239    clkout
    BUFGCTRL_X0Y16       BUFG (Prop_bufg_I_O)         0.026     1.265 r  clkout_BUFG_inst/O
                         net (fo=4, routed)           0.602     1.866    counter_ins/CLK
    SLICE_X1Y89          FDPE                                         r  counter_ins/count_result_reg[0]/C
  -------------------------------------------------------------------    -------------------
    SLICE_X1Y89          FDPE (Prop_fdpe_C_Q)         0.141     2.007 f  counter_ins/count_result_reg[0]/Q
                         net (fo=13, routed)          0.253     2.261    counter_ins/Q[0]
    SLICE_X1Y89          LUT1 (Prop_lut1_I0_O)        0.045     2.306 r  counter_ins/count_result[0]_i_1/O
                         net (fo=1, routed)           0.000     2.306    counter_ins/count_result[0]_i_1_n_0
    SLICE_X1Y89          FDPE                                         r  counter_ins/count_result_reg[0]/D
  -------------------------------------------------------------------    -------------------

                         (clock clkout rise edge)     0.000     0.000 r  
    E3                                                0.000     0.000 r  clk (IN)
                         net (fo=0)                   0.000     0.000    clk
    E3                   IBUF (Prop_ibuf_I_O)         0.438     0.438 r  clk_IBUF_inst/O
                         net (fo=1, routed)           0.480     0.918    clk_IBUF
    MMCME2_ADV_X1Y2      MMCME2_ADV (Prop_mmcme2_adv_CLKIN1_CLKOUT0)
                                                      0.053     0.971 r  MMCME2_BASE_inst/CLKOUT0
                         net (fo=1, routed)           0.544     1.514    clkout
    BUFGCTRL_X0Y16       BUFG (Prop_bufg_I_O)         0.029     1.543 r  clkout_BUFG_inst/O
                         net (fo=4, routed)           0.875     2.418    counter_ins/CLK
    SLICE_X1Y89          FDPE                                         r  counter_ins/count_result_reg[0]/C
                         clock pessimism             -0.551     1.866    
    SLICE_X1Y89          FDPE (Hold_fdpe_C_D)         0.092     1.958    counter_ins/count_result_reg[0]
  -------------------------------------------------------------------
                         required time                         -1.958    
                         arrival time                           2.306    
  -------------------------------------------------------------------
                         slack                                  0.347    

Slack (MET) :             0.357ns  (arrival time - required time)
  Source:                 counter_ins/count_result_reg[1]/C
                            (rising edge-triggered cell FDPE clocked by clkout  {rise@0.000ns fall@100.000ns period=200.000ns})
  Destination:            counter_ins/count_result_reg[1]/D
                            (rising edge-triggered cell FDPE clocked by clkout  {rise@0.000ns fall@100.000ns period=200.000ns})
  Path Group:             clkout
  Path Type:              Hold (Min at Fast Process Corner)
  Requirement:            0.000ns  (clkout rise@0.000ns - clkout rise@0.000ns)
  Data Path Delay:        0.449ns  (logic 0.186ns (41.396%)  route 0.263ns (58.604%))
  Logic Levels:           1  (LUT2=1)
  Clock Path Skew:        0.000ns (DCD - SCD - CPR)
    Destination Clock Delay (DCD):    2.418ns
    Source Clock Delay      (SCD):    1.866ns
    Clock Pessimism Removal (CPR):    0.551ns

    Location             Delay type                Incr(ns)  Path(ns)    Netlist Resource(s)
  -------------------------------------------------------------------    -------------------
                         (clock clkout rise edge)     0.000     0.000 r  
    E3                                                0.000     0.000 r  clk (IN)
                         net (fo=0)                   0.000     0.000    clk
    E3                   IBUF (Prop_ibuf_I_O)         0.250     0.250 r  clk_IBUF_inst/O
                         net (fo=1, routed)           0.440     0.690    clk_IBUF
    MMCME2_ADV_X1Y2      MMCME2_ADV (Prop_mmcme2_adv_CLKIN1_CLKOUT0)
                                                      0.050     0.740 r  MMCME2_BASE_inst/CLKOUT0
                         net (fo=1, routed)           0.499     1.239    clkout
    BUFGCTRL_X0Y16       BUFG (Prop_bufg_I_O)         0.026     1.265 r  clkout_BUFG_inst/O
                         net (fo=4, routed)           0.602     1.866    counter_ins/CLK
    SLICE_X1Y89          FDPE                                         r  counter_ins/count_result_reg[1]/C
  -------------------------------------------------------------------    -------------------
    SLICE_X1Y89          FDPE (Prop_fdpe_C_Q)         0.141     2.007 r  counter_ins/count_result_reg[1]/Q
                         net (fo=12, routed)          0.263     2.271    counter_ins/Q[1]
    SLICE_X1Y89          LUT2 (Prop_lut2_I1_O)        0.045     2.316 r  counter_ins/count_result[1]_i_1/O
                         net (fo=1, routed)           0.000     2.316    counter_ins/count_result[1]_i_1_n_0
    SLICE_X1Y89          FDPE                                         r  counter_ins/count_result_reg[1]/D
  -------------------------------------------------------------------    -------------------

                         (clock clkout rise edge)     0.000     0.000 r  
    E3                                                0.000     0.000 r  clk (IN)
                         net (fo=0)                   0.000     0.000    clk
    E3                   IBUF (Prop_ibuf_I_O)         0.438     0.438 r  clk_IBUF_inst/O
                         net (fo=1, routed)           0.480     0.918    clk_IBUF
    MMCME2_ADV_X1Y2      MMCME2_ADV (Prop_mmcme2_adv_CLKIN1_CLKOUT0)
                                                      0.053     0.971 r  MMCME2_BASE_inst/CLKOUT0
                         net (fo=1, routed)           0.544     1.514    clkout
    BUFGCTRL_X0Y16       BUFG (Prop_bufg_I_O)         0.029     1.543 r  clkout_BUFG_inst/O
                         net (fo=4, routed)           0.875     2.418    counter_ins/CLK
    SLICE_X1Y89          FDPE                                         r  counter_ins/count_result_reg[1]/C
                         clock pessimism             -0.551     1.866    
    SLICE_X1Y89          FDPE (Hold_fdpe_C_D)         0.092     1.958    counter_ins/count_result_reg[1]
  -------------------------------------------------------------------
                         required time                         -1.958    
                         arrival time                           2.316    
  -------------------------------------------------------------------
                         slack                                  0.357    





Pulse Width Checks
--------------------------------------------------------------------------------------
Clock Name:         clkout
Waveform(ns):       { 0.000 100.000 }
Period(ns):         200.000
Sources:            { MMCME2_BASE_inst/CLKOUT0 }

Check Type        Corner  Lib Pin             Reference Pin  Required(ns)  Actual(ns)  Slack(ns)  Location         Pin
Min Period        n/a     BUFG/I              n/a            2.155         200.000     197.845    BUFGCTRL_X0Y16   clkout_BUFG_inst/I
Min Period        n/a     MMCME2_ADV/CLKOUT0  n/a            1.249         200.000     198.751    MMCME2_ADV_X1Y2  MMCME2_BASE_inst/CLKOUT0
Min Period        n/a     FDPE/C              n/a            1.000         200.000     199.000    SLICE_X1Y89      counter_ins/count_result_reg[0]/C
Min Period        n/a     FDPE/C              n/a            1.000         200.000     199.000    SLICE_X1Y89      counter_ins/count_result_reg[1]/C
Min Period        n/a     FDPE/C              n/a            1.000         200.000     199.000    SLICE_X1Y89      counter_ins/count_result_reg[2]/C
Min Period        n/a     FDPE/C              n/a            1.000         200.000     199.000    SLICE_X1Y89      counter_ins/count_result_reg[3]/C
Max Period        n/a     MMCME2_ADV/CLKOUT0  n/a            213.360       200.000     13.360     MMCME2_ADV_X1Y2  MMCME2_BASE_inst/CLKOUT0
Low Pulse Width   Slow    FDPE/C              n/a            0.500         100.000     99.500     SLICE_X1Y89      counter_ins/count_result_reg[0]/C
Low Pulse Width   Fast    FDPE/C              n/a            0.500         100.000     99.500     SLICE_X1Y89      counter_ins/count_result_reg[0]/C
Low Pulse Width   Slow    FDPE/C              n/a            0.500         100.000     99.500     SLICE_X1Y89      counter_ins/count_result_reg[1]/C
Low Pulse Width   Fast    FDPE/C              n/a            0.500         100.000     99.500     SLICE_X1Y89      counter_ins/count_result_reg[1]/C
Low Pulse Width   Slow    FDPE/C              n/a            0.500         100.000     99.500     SLICE_X1Y89      counter_ins/count_result_reg[2]/C
Low Pulse Width   Fast    FDPE/C              n/a            0.500         100.000     99.500     SLICE_X1Y89      counter_ins/count_result_reg[2]/C
Low Pulse Width   Slow    FDPE/C              n/a            0.500         100.000     99.500     SLICE_X1Y89      counter_ins/count_result_reg[3]/C
Low Pulse Width   Fast    FDPE/C              n/a            0.500         100.000     99.500     SLICE_X1Y89      counter_ins/count_result_reg[3]/C
High Pulse Width  Fast    FDPE/C              n/a            0.500         100.000     99.500     SLICE_X1Y89      counter_ins/count_result_reg[0]/C
High Pulse Width  Fast    FDPE/C              n/a            0.500         100.000     99.500     SLICE_X1Y89      counter_ins/count_result_reg[1]/C
High Pulse Width  Fast    FDPE/C              n/a            0.500         100.000     99.500     SLICE_X1Y89      counter_ins/count_result_reg[2]/C
High Pulse Width  Fast    FDPE/C              n/a            0.500         100.000     99.500     SLICE_X1Y89      counter_ins/count_result_reg[3]/C
High Pulse Width  Slow    FDPE/C              n/a            0.500         100.000     99.500     SLICE_X1Y89      counter_ins/count_result_reg[0]/C
High Pulse Width  Slow    FDPE/C              n/a            0.500         100.000     99.500     SLICE_X1Y89      counter_ins/count_result_reg[1]/C
High Pulse Width  Slow    FDPE/C              n/a            0.500         100.000     99.500     SLICE_X1Y89      counter_ins/count_result_reg[2]/C
High Pulse Width  Slow    FDPE/C              n/a            0.500         100.000     99.500     SLICE_X1Y89      counter_ins/count_result_reg[3]/C



