Vivado Simulator 2018.3
Time resolution is 1 ps
TEST_0 FALSE xxxxxxx

TEST_1 FALSE

TEST_2 FALSE

TEST_3 FALSE

TEST_4 FALSE

TEST_5 FALSE

TEST_0 FALSE 1xxxxxx

TEST_0 FALSE 11xxxxx

TEST_6 FALSE

TEST_0 FALSE 111xxxx

TEST_0 FALSE 111xx1x

TEST_0 FALSE 111x11x

TEST_0 FALSE 111111x

TEST_0 FALSE 1111110

TEST_0 FALSE 0111110

TEST_0 FALSE 0111010

TEST_7 FALSE

TEST_0 FALSE 0111000

TEST_0 FALSE 0110000

TEST_0 FALSE 1110000

TEST_0 FALSE 1111000

TEST_0 FALSE 1111001

TEST_0 FALSE 1111101

TEST_8 FALSE

TEST_0 FALSE 1101101

TEST_0 FALSE 1111101

TEST_0 FALSE 1111001

TEST_9 FALSE

TEST_0 FALSE 1011001

TEST_0 FALSE 1010001

TEST_0 FALSE 1010000

TEST_0 FALSE 1010100

TEST_a FALSE

TEST_0 FALSE 0010100

TEST_0 FALSE 0010110

TEST_0 FALSE 0110110

TEST_0 FALSE 0110010

TEST_0 FALSE 0111010

TEST_0 FALSE 0110010

TEST_0 FALSE 0110011

TEST_0 FALSE 1110011

TEST_0 FALSE 1010011

TEST_b FALSE

TEST_0 FALSE 1011011

TEST_0 FALSE 0011011

TEST_0 FALSE 0011001

TEST_0 FALSE 0111001

TEST_0 FALSE 0110001

TEST_0 FALSE 0110000

TEST_0 FALSE 0110100

TEST_c FALSE

TEST_0 FALSE 1110100

TEST_0 FALSE 1110110

TEST_0 FALSE 1010110

TEST_0 FALSE 1011110

TEST_0 FALSE 1011111

TEST_0 FALSE 1111111

TEST_0 FALSE 1111011

TEST_d FALSE

TEST_0 FALSE 1111001

TEST_0 FALSE 1110001

TEST_0 FALSE 1110000

TEST_0 FALSE 1100000

TEST_0 FALSE 1100010

TEST_0 FALSE 1100110

TEST_0 FALSE 1101110

TEST_0 FALSE 1101111

TEST_0 FALSE 1111111

TEST_0 FALSE 1111101

TEST_e FALSE

TEST_0 FALSE 1111111

TEST_0 FALSE 1111110

TEST_0 FALSE 1111111

TEST_0 FALSE 1111011

TEST_f FALSE

TEST_0 FALSE 1111111

TEST_0 FALSE 1110111

TEST_0 FALSE 0110111

TEST_0 FALSE 0010111

TEST_0 FALSE 0011111

TEST_0 FALSE 0011011

TEST_0 FALSE 1011011

TEST_0 FALSE 1001011

TEST_0 FALSE 1001111

TEST_0 FALSE 1001110

TEST_0 FALSE 0001110

TEST_0 FALSE 0011110

TEST_0 FALSE 0111110

TEST_0 FALSE 0111100

TEST_0 FALSE 0111101

TEST_0 FALSE 1111101

TEST_0 FALSE 1101101

TEST_0 FALSE 1101111

TEST_0 FALSE 1001111

TEST_0 FALSE 1000111

TEST_0 FALSE 1001111

TEST_0 FALSE 1000111

